{"C:\\Users\\mmDev06\\Desktop\\EstudoAlanV\\backend-api\\src\\app.ts": {"path":"C:\\Users\\mmDev06\\Desktop\\EstudoAlanV\\backend-api\\src\\app.ts","statementMap":{"0":{"start":{"line":1,"column":0},"end":{"line":1,"column":24}},"1":{"start":{"line":2,"column":0},"end":{"line":2,"column":30}},"2":{"start":{"line":3,"column":0},"end":{"line":3,"column":41}},"3":{"start":{"line":5,"column":12},"end":{"line":5,"column":21}},"4":{"start":{"line":6,"column":0},"end":{"line":6,"column":16}},"5":{"start":{"line":7,"column":0},"end":{"line":7,"column":24}},"6":{"start":{"line":8,"column":0},"end":{"line":8,"column":24}},"7":{"start":{"line":10,"column":0},"end":{"line":10,"column":19}}},"fnMap":{},"branchMap":{},"s":{"0":1,"1":1,"2":1,"3":1,"4":1,"5":1,"6":1,"7":1},"f":{},"b":{}}
,"C:\\Users\\mmDev06\\Desktop\\EstudoAlanV\\backend-api\\src\\controllers\\AuthController.ts": {"path":"C:\\Users\\mmDev06\\Desktop\\EstudoAlanV\\backend-api\\src\\controllers\\AuthController.ts","statementMap":{"0":{"start":{"line":2,"column":0},"end":{"line":2,"column":50}},"1":{"start":{"line":4,"column":0},"end":{"line":15,"column":5}},"2":{"start":{"line":6,"column":29},"end":{"line":6,"column":37}},"3":{"start":{"line":8,"column":4},"end":{"line":13,"column":5}},"4":{"start":{"line":9,"column":20},"end":{"line":9,"column":57}},"5":{"start":{"line":10,"column":6},"end":{"line":10,"column":26}},"6":{"start":{"line":12,"column":6},"end":{"line":12,"column":53}}},"fnMap":{"0":{"name":"(anonymous_1)","decl":{"start":{"line":5,"column":2},"end":{"line":5,"column":7}},"loc":{"start":{"line":5,"column":41},"end":{"line":14,"column":3}}}},"branchMap":{},"s":{"0":1,"1":1,"2":0,"3":0,"4":0,"5":0,"6":0},"f":{"0":0},"b":{}}
,"C:\\Users\\mmDev06\\Desktop\\EstudoAlanV\\backend-api\\src\\database\\connection.ts": {"path":"C:\\Users\\mmDev06\\Desktop\\EstudoAlanV\\backend-api\\src\\database\\connection.ts","statementMap":{"0":{"start":{"line":7,"column":0},"end":{"line":7,"column":7}},"1":{"start":{"line":1,"column":0},"end":{"line":1,"column":24}},"2":{"start":{"line":2,"column":0},"end":{"line":2,"column":40}},"3":{"start":{"line":3,"column":0},"end":{"line":3,"column":30}},"4":{"start":{"line":5,"column":34},"end":{"line":5,"column":38}},"5":{"start":{"line":8,"column":2},"end":{"line":10,"column":3}},"6":{"start":{"line":9,"column":4},"end":{"line":9,"column":22}},"7":{"start":{"line":12,"column":2},"end":{"line":16,"column":5}},"8":{"start":{"line":18,"column":2},"end":{"line":18,"column":20}}},"fnMap":{"0":{"name":"getDB","decl":{"start":{"line":7,"column":22},"end":{"line":7,"column":27}},"loc":{"start":{"line":7,"column":27},"end":{"line":19,"column":1}}}},"branchMap":{"0":{"loc":{"start":{"line":8,"column":2},"end":{"line":10,"column":3}},"type":"if","locations":[{"start":{"line":8,"column":2},"end":{"line":10,"column":3}}]},"1":{"loc":{"start":{"line":14,"column":6},"end":{"line":14,"column":74}},"type":"binary-expr","locations":[{"start":{"line":14,"column":6},"end":{"line":14,"column":25}},{"start":{"line":14,"column":29},"end":{"line":14,"column":74}}]}},"s":{"0":2,"1":2,"2":2,"3":2,"4":2,"5":0,"6":0,"7":0,"8":0},"f":{"0":0},"b":{"0":[0],"1":[0,0]}}
,"C:\\Users\\mmDev06\\Desktop\\EstudoAlanV\\backend-api\\src\\middlewares\\Auth.ts": {"path":"C:\\Users\\mmDev06\\Desktop\\EstudoAlanV\\backend-api\\src\\middlewares\\Auth.ts","statementMap":{"0":{"start":{"line":4,"column":0},"end":{"line":4,"column":24}},"1":{"start":{"line":2,"column":0},"end":{"line":2,"column":31}},"2":{"start":{"line":9,"column":21},"end":{"line":9,"column":46}},"3":{"start":{"line":10,"column":2},"end":{"line":11,"column":66}},"4":{"start":{"line":11,"column":4},"end":{"line":11,"column":66}},"5":{"start":{"line":13,"column":20},"end":{"line":13,"column":41}},"6":{"start":{"line":15,"column":2},"end":{"line":24,"column":3}},"7":{"start":{"line":16,"column":20},"end":{"line":18,"column":null}},"8":{"start":{"line":20,"column":5},"end":{"line":20,"column":32}},"9":{"start":{"line":21,"column":4},"end":{"line":21,"column":11}},"10":{"start":{"line":23,"column":4},"end":{"line":23,"column":61}}},"fnMap":{"0":{"name":"authMiddleware","decl":{"start":{"line":4,"column":24},"end":{"line":4,"column":38}},"loc":{"start":{"line":7,"column":20},"end":{"line":25,"column":1}}}},"branchMap":{"0":{"loc":{"start":{"line":10,"column":2},"end":{"line":11,"column":66}},"type":"if","locations":[{"start":{"line":10,"column":2},"end":{"line":11,"column":66}}]},"1":{"loc":{"start":{"line":18,"column":6},"end":{"line":18,"column":47}},"type":"binary-expr","locations":[{"start":{"line":18,"column":6},"end":{"line":18,"column":28}},{"start":{"line":18,"column":32},"end":{"line":18,"column":47}}]}},"s":{"0":1,"1":1,"2":0,"3":0,"4":0,"5":0,"6":0,"7":0,"8":0,"9":0,"10":0},"f":{"0":0},"b":{"0":[0],"1":[0,0]}}
,"C:\\Users\\mmDev06\\Desktop\\EstudoAlanV\\backend-api\\src\\middlewares\\LogUsuario.ts": {"path":"C:\\Users\\mmDev06\\Desktop\\EstudoAlanV\\backend-api\\src\\middlewares\\LogUsuario.ts","statementMap":{"0":{"start":{"line":3,"column":0},"end":{"line":3,"column":24}},"1":{"start":{"line":8,"column":2},"end":{"line":8,"column":42}},"2":{"start":{"line":9,"column":2},"end":{"line":9,"column":9}}},"fnMap":{"0":{"name":"logUsuario","decl":{"start":{"line":3,"column":24},"end":{"line":3,"column":34}},"loc":{"start":{"line":6,"column":20},"end":{"line":10,"column":1}}}},"branchMap":{},"s":{"0":1,"1":0,"2":0},"f":{"0":0},"b":{}}
,"C:\\Users\\mmDev06\\Desktop\\EstudoAlanV\\backend-api\\src\\middlewares\\ValidateFields.ts": {"path":"C:\\Users\\mmDev06\\Desktop\\EstudoAlanV\\backend-api\\src\\middlewares\\ValidateFields.ts","statementMap":{"0":{"start":{"line":3,"column":0},"end":{"line":3,"column":16}},"1":{"start":{"line":4,"column":2},"end":{"line":19,"column":4}},"2":{"start":{"line":5,"column":27},"end":{"line":9,"column":null}},"3":{"start":{"line":7,"column":8},"end":{"line":9,"column":33}},"4":{"start":{"line":12,"column":4},"end":{"line":16,"column":5}},"5":{"start":{"line":13,"column":6},"end":{"line":15,"column":9}},"6":{"start":{"line":18,"column":4},"end":{"line":18,"column":11}}},"fnMap":{"0":{"name":"validateFields","decl":{"start":{"line":3,"column":16},"end":{"line":3,"column":30}},"loc":{"start":{"line":3,"column":47},"end":{"line":20,"column":1}}},"1":{"name":"(anonymous_1)","decl":{"start":{"line":4,"column":9},"end":{"line":4,"column":10}},"loc":{"start":{"line":4,"column":61},"end":{"line":19,"column":3}}},"2":{"name":"(anonymous_2)","decl":{"start":{"line":6,"column":6},"end":{"line":6,"column":7}},"loc":{"start":{"line":7,"column":8},"end":{"line":9,"column":33}}}},"branchMap":{"0":{"loc":{"start":{"line":7,"column":8},"end":{"line":9,"column":33}},"type":"binary-expr","locations":[{"start":{"line":7,"column":8},"end":{"line":7,"column":29}},{"start":{"line":8,"column":8},"end":{"line":8,"column":31}},{"start":{"line":9,"column":8},"end":{"line":9,"column":33}}]},"1":{"loc":{"start":{"line":12,"column":4},"end":{"line":16,"column":5}},"type":"if","locations":[{"start":{"line":12,"column":4},"end":{"line":16,"column":5}}]}},"s":{"0":1,"1":1,"2":0,"3":0,"4":0,"5":0,"6":0},"f":{"0":1,"1":0,"2":0},"b":{"0":[0,0,0],"1":[0]}}
,"C:\\Users\\mmDev06\\Desktop\\EstudoAlanV\\backend-api\\src\\modules\\customer\\CustomerController.ts": {"path":"C:\\Users\\mmDev06\\Desktop\\EstudoAlanV\\backend-api\\src\\modules\\customer\\CustomerController.ts","statementMap":{"0":{"start":{"line":2,"column":0},"end":{"line":2,"column":50}},"1":{"start":{"line":3,"column":0},"end":{"line":3,"column":48}},"2":{"start":{"line":5,"column":0},"end":{"line":100,"column":5}},"3":{"start":{"line":7,"column":4},"end":{"line":13,"column":5}},"4":{"start":{"line":8,"column":22},"end":{"line":8,"column":61}},"5":{"start":{"line":9,"column":6},"end":{"line":9,"column":31}},"6":{"start":{"line":11,"column":6},"end":{"line":11,"column":55}},"7":{"start":{"line":12,"column":6},"end":{"line":12,"column":80}},"8":{"start":{"line":17,"column":4},"end":{"line":32,"column":5}},"9":{"start":{"line":18,"column":24},"end":{"line":18,"column":58}},"10":{"start":{"line":19,"column":6},"end":{"line":21,"column":7}},"11":{"start":{"line":20,"column":8},"end":{"line":20,"column":72}},"12":{"start":{"line":23,"column":29},"end":{"line":23,"column":43}},"13":{"start":{"line":25,"column":6},"end":{"line":25,"column":59}},"14":{"start":{"line":26,"column":6},"end":{"line":28,"column":61}},"15":{"start":{"line":30,"column":6},"end":{"line":30,"column":53}},"16":{"start":{"line":31,"column":6},"end":{"line":31,"column":78}},"17":{"start":{"line":36,"column":4},"end":{"line":52,"column":5}},"18":{"start":{"line":37,"column":17},"end":{"line":37,"column":44}},"19":{"start":{"line":39,"column":6},"end":{"line":41,"column":7}},"20":{"start":{"line":40,"column":8},"end":{"line":40,"column":62}},"21":{"start":{"line":42,"column":21},"end":{"line":42,"column":63}},"22":{"start":{"line":44,"column":6},"end":{"line":46,"column":7}},"23":{"start":{"line":45,"column":8},"end":{"line":45,"column":73}},"24":{"start":{"line":48,"column":6},"end":{"line":48,"column":30}},"25":{"start":{"line":50,"column":6},"end":{"line":50,"column":54}},"26":{"start":{"line":51,"column":6},"end":{"line":51,"column":79}},"27":{"start":{"line":56,"column":4},"end":{"line":81,"column":5}},"28":{"start":{"line":57,"column":17},"end":{"line":57,"column":44}},"29":{"start":{"line":59,"column":6},"end":{"line":61,"column":7}},"30":{"start":{"line":60,"column":8},"end":{"line":60,"column":62}},"31":{"start":{"line":63,"column":67},"end":{"line":63,"column":75}},"32":{"start":{"line":64,"column":6},"end":{"line":71,"column":9}},"33":{"start":{"line":73,"column":6},"end":{"line":75,"column":62}},"34":{"start":{"line":77,"column":6},"end":{"line":77,"column":57}},"35":{"start":{"line":78,"column":6},"end":{"line":80,"column":62}},"36":{"start":{"line":85,"column":4},"end":{"line":98,"column":5}},"37":{"start":{"line":86,"column":17},"end":{"line":86,"column":44}},"38":{"start":{"line":88,"column":6},"end":{"line":90,"column":7}},"39":{"start":{"line":89,"column":8},"end":{"line":89,"column":62}},"40":{"start":{"line":92,"column":6},"end":{"line":92,"column":47}},"41":{"start":{"line":94,"column":6},"end":{"line":94,"column":79}},"42":{"start":{"line":96,"column":6},"end":{"line":96,"column":53}},"43":{"start":{"line":97,"column":6},"end":{"line":97,"column":80}}},"fnMap":{"0":{"name":"(anonymous_1)","decl":{"start":{"line":6,"column":2},"end":{"line":6,"column":7}},"loc":{"start":{"line":6,"column":42},"end":{"line":14,"column":3}}},"1":{"name":"(anonymous_2)","decl":{"start":{"line":16,"column":2},"end":{"line":16,"column":7}},"loc":{"start":{"line":16,"column":42},"end":{"line":33,"column":3}}},"2":{"name":"(anonymous_3)","decl":{"start":{"line":35,"column":2},"end":{"line":35,"column":7}},"loc":{"start":{"line":35,"column":44},"end":{"line":53,"column":3}}},"3":{"name":"(anonymous_4)","decl":{"start":{"line":55,"column":2},"end":{"line":55,"column":7}},"loc":{"start":{"line":55,"column":42},"end":{"line":82,"column":3}}},"4":{"name":"(anonymous_5)","decl":{"start":{"line":84,"column":2},"end":{"line":84,"column":7}},"loc":{"start":{"line":84,"column":42},"end":{"line":99,"column":3}}}},"branchMap":{"0":{"loc":{"start":{"line":19,"column":6},"end":{"line":21,"column":7}},"type":"if","locations":[{"start":{"line":19,"column":6},"end":{"line":21,"column":7}}]},"1":{"loc":{"start":{"line":39,"column":6},"end":{"line":41,"column":7}},"type":"if","locations":[{"start":{"line":39,"column":6},"end":{"line":41,"column":7}}]},"2":{"loc":{"start":{"line":44,"column":6},"end":{"line":46,"column":7}},"type":"if","locations":[{"start":{"line":44,"column":6},"end":{"line":46,"column":7}}]},"3":{"loc":{"start":{"line":59,"column":6},"end":{"line":61,"column":7}},"type":"if","locations":[{"start":{"line":59,"column":6},"end":{"line":61,"column":7}}]},"4":{"loc":{"start":{"line":88,"column":6},"end":{"line":90,"column":7}},"type":"if","locations":[{"start":{"line":88,"column":6},"end":{"line":90,"column":7}}]}},"s":{"0":1,"1":1,"2":1,"3":0,"4":0,"5":0,"6":0,"7":0,"8":0,"9":0,"10":0,"11":0,"12":0,"13":0,"14":0,"15":0,"16":0,"17":0,"18":0,"19":0,"20":0,"21":0,"22":0,"23":0,"24":0,"25":0,"26":0,"27":0,"28":0,"29":0,"30":0,"31":0,"32":0,"33":0,"34":0,"35":0,"36":0,"37":0,"38":0,"39":0,"40":0,"41":0,"42":0,"43":0},"f":{"0":0,"1":0,"2":0,"3":0,"4":0},"b":{"0":[0],"1":[0],"2":[0],"3":[0],"4":[0]}}
,"C:\\Users\\mmDev06\\Desktop\\EstudoAlanV\\backend-api\\src\\modules\\customer\\CustomerRepository.ts": {"path":"C:\\Users\\mmDev06\\Desktop\\EstudoAlanV\\backend-api\\src\\modules\\customer\\CustomerRepository.ts","statementMap":{"0":{"start":{"line":1,"column":0},"end":{"line":1,"column":50}},"1":{"start":{"line":6,"column":15},"end":{"line":6,"column":28}},"2":{"start":{"line":7,"column":4},"end":{"line":18,"column":6}},"3":{"start":{"line":22,"column":15},"end":{"line":22,"column":28}},"4":{"start":{"line":23,"column":22},"end":{"line":23,"column":60}},"5":{"start":{"line":24,"column":4},"end":{"line":24,"column":21}},"6":{"start":{"line":28,"column":15},"end":{"line":28,"column":28}},"7":{"start":{"line":29,"column":21},"end":{"line":31,"column":6}},"8":{"start":{"line":32,"column":4},"end":{"line":32,"column":28}},"9":{"start":{"line":39,"column":15},"end":{"line":39,"column":28}},"10":{"start":{"line":41,"column":29},"end":{"line":41,"column":31}},"11":{"start":{"line":42,"column":26},"end":{"line":42,"column":28}},"12":{"start":{"line":44,"column":4},"end":{"line":49,"column":5}},"13":{"start":{"line":45,"column":6},"end":{"line":48,"column":7}},"14":{"start":{"line":46,"column":8},"end":{"line":46,"column":34}},"15":{"start":{"line":47,"column":8},"end":{"line":47,"column":27}},"16":{"start":{"line":51,"column":4},"end":{"line":53,"column":5}},"17":{"start":{"line":52,"column":6},"end":{"line":52,"column":60}},"18":{"start":{"line":55,"column":16},"end":{"line":55,"column":71}},"19":{"start":{"line":56,"column":4},"end":{"line":56,"column":20}},"20":{"start":{"line":58,"column":4},"end":{"line":58,"column":30}},"21":{"start":{"line":62,"column":15},"end":{"line":62,"column":28}},"22":{"start":{"line":63,"column":4},"end":{"line":63,"column":60}},"23":{"start":{"line":67,"column":27},"end":{"line":67,"column":51}},"24":{"start":{"line":68,"column":0},"end":{"line":68,"column":34}}},"fnMap":{"0":{"name":"(anonymous_0)","decl":{"start":{"line":5,"column":2},"end":{"line":5,"column":7}},"loc":{"start":{"line":5,"column":45},"end":{"line":19,"column":3}}},"1":{"name":"(anonymous_1)","decl":{"start":{"line":21,"column":2},"end":{"line":21,"column":7}},"loc":{"start":{"line":21,"column":15},"end":{"line":25,"column":3}}},"2":{"name":"(anonymous_2)","decl":{"start":{"line":27,"column":2},"end":{"line":27,"column":7}},"loc":{"start":{"line":27,"column":35},"end":{"line":33,"column":3}}},"3":{"name":"(anonymous_3)","decl":{"start":{"line":35,"column":2},"end":{"line":35,"column":7}},"loc":{"start":{"line":37,"column":40},"end":{"line":59,"column":3}}},"4":{"name":"(anonymous_4)","decl":{"start":{"line":61,"column":2},"end":{"line":61,"column":7}},"loc":{"start":{"line":61,"column":25},"end":{"line":64,"column":3}}}},"branchMap":{"0":{"loc":{"start":{"line":32,"column":11},"end":{"line":32,"column":27}},"type":"binary-expr","locations":[{"start":{"line":32,"column":11},"end":{"line":32,"column":19}},{"start":{"line":32,"column":23},"end":{"line":32,"column":27}}]},"1":{"loc":{"start":{"line":45,"column":6},"end":{"line":48,"column":7}},"type":"if","locations":[{"start":{"line":45,"column":6},"end":{"line":48,"column":7}}]},"2":{"loc":{"start":{"line":45,"column":10},"end":{"line":45,"column":63}},"type":"binary-expr","locations":[{"start":{"line":45,"column":10},"end":{"line":45,"column":29}},{"start":{"line":45,"column":33},"end":{"line":45,"column":47}},{"start":{"line":45,"column":51},"end":{"line":45,"column":63}}]},"3":{"loc":{"start":{"line":51,"column":4},"end":{"line":53,"column":5}},"type":"if","locations":[{"start":{"line":51,"column":4},"end":{"line":53,"column":5}}]}},"s":{"0":1,"1":0,"2":0,"3":0,"4":0,"5":0,"6":0,"7":0,"8":0,"9":0,"10":0,"11":0,"12":0,"13":0,"14":0,"15":0,"16":0,"17":0,"18":0,"19":0,"20":0,"21":0,"22":0,"23":1,"24":1},"f":{"0":0,"1":0,"2":0,"3":0,"4":0},"b":{"0":[0,0],"1":[0],"2":[0,0,0],"3":[0]}}
,"C:\\Users\\mmDev06\\Desktop\\EstudoAlanV\\backend-api\\src\\modules\\customer\\CustomerRoute.ts": {"path":"C:\\Users\\mmDev06\\Desktop\\EstudoAlanV\\backend-api\\src\\modules\\customer\\CustomerRoute.ts","statementMap":{"0":{"start":{"line":1,"column":0},"end":{"line":1,"column":33}},"1":{"start":{"line":2,"column":0},"end":{"line":2,"column":66}},"2":{"start":{"line":3,"column":0},"end":{"line":3,"column":54}},"3":{"start":{"line":5,"column":15},"end":{"line":5,"column":23}},"4":{"start":{"line":7,"column":0},"end":{"line":7,"column":43}},"5":{"start":{"line":8,"column":0},"end":{"line":8,"column":48}},"6":{"start":{"line":9,"column":0},"end":{"line":20,"column":2}},"7":{"start":{"line":21,"column":0},"end":{"line":21,"column":46}},"8":{"start":{"line":22,"column":0},"end":{"line":22,"column":49}},"9":{"start":{"line":24,"column":0},"end":{"line":24,"column":22}}},"fnMap":{},"branchMap":{},"s":{"0":1,"1":1,"2":1,"3":1,"4":1,"5":1,"6":1,"7":1,"8":1,"9":1},"f":{},"b":{}}
,"C:\\Users\\mmDev06\\Desktop\\EstudoAlanV\\backend-api\\src\\modules\\customer\\CustomerSchema.ts": {"path":"C:\\Users\\mmDev06\\Desktop\\EstudoAlanV\\backend-api\\src\\modules\\customer\\CustomerSchema.ts","statementMap":{"0":{"start":{"line":1,"column":0},"end":{"line":1,"column":63}},"1":{"start":{"line":2,"column":0},"end":{"line":2,"column":24}},"2":{"start":{"line":3,"column":0},"end":{"line":3,"column":58}},"3":{"start":{"line":4,"column":0},"end":{"line":4,"column":56}},"4":{"start":{"line":5,"column":0},"end":{"line":5,"column":59}},"5":{"start":{"line":7,"column":13},"end":{"line":52,"column":3}},"6":{"start":{"line":11,"column":16},"end":{"line":11,"column":70}},"7":{"start":{"line":16,"column":8},"end":{"line":16,"column":60}},"8":{"start":{"line":20,"column":24},"end":{"line":20,"column":67}},"9":{"start":{"line":23,"column":24},"end":{"line":23,"column":66}},"10":{"start":{"line":29,"column":20},"end":{"line":29,"column":57}},"11":{"start":{"line":30,"column":6},"end":{"line":30,"column":39}},"12":{"start":{"line":37,"column":22},"end":{"line":37,"column":25}},"13":{"start":{"line":43,"column":23},"end":{"line":43,"column":54}},"14":{"start":{"line":46,"column":21},"end":{"line":46,"column":45}},"15":{"start":{"line":49,"column":24},"end":{"line":49,"column":40}}},"fnMap":{"0":{"name":"(anonymous_0)","decl":{"start":{"line":11,"column":6},"end":{"line":11,"column":7}},"loc":{"start":{"line":11,"column":16},"end":{"line":11,"column":70}}},"1":{"name":"(anonymous_1)","decl":{"start":{"line":15,"column":6},"end":{"line":15,"column":7}},"loc":{"start":{"line":15,"column":35},"end":{"line":17,"column":7}}},"2":{"name":"(anonymous_2)","decl":{"start":{"line":20,"column":12},"end":{"line":20,"column":13}},"loc":{"start":{"line":20,"column":24},"end":{"line":20,"column":67}}},"3":{"name":"(anonymous_3)","decl":{"start":{"line":23,"column":12},"end":{"line":23,"column":13}},"loc":{"start":{"line":23,"column":24},"end":{"line":23,"column":66}}},"4":{"name":"(anonymous_4)","decl":{"start":{"line":28,"column":4},"end":{"line":28,"column":5}},"loc":{"start":{"line":28,"column":12},"end":{"line":31,"column":5}}},"5":{"name":"(anonymous_5)","decl":{"start":{"line":37,"column":4},"end":{"line":37,"column":5}},"loc":{"start":{"line":37,"column":22},"end":{"line":37,"column":25}}},"6":{"name":"(anonymous_6)","decl":{"start":{"line":43,"column":14},"end":{"line":43,"column":15}},"loc":{"start":{"line":43,"column":23},"end":{"line":43,"column":54}}},"7":{"name":"(anonymous_7)","decl":{"start":{"line":46,"column":14},"end":{"line":46,"column":15}},"loc":{"start":{"line":46,"column":21},"end":{"line":46,"column":45}}},"8":{"name":"(anonymous_8)","decl":{"start":{"line":49,"column":17},"end":{"line":49,"column":18}},"loc":{"start":{"line":49,"column":24},"end":{"line":49,"column":40}}}},"branchMap":{"0":{"loc":{"start":{"line":11,"column":16},"end":{"line":11,"column":70}},"type":"cond-expr","locations":[{"start":{"line":11,"column":42},"end":{"line":11,"column":64}},{"start":{"line":11,"column":67},"end":{"line":11,"column":70}}]},"1":{"loc":{"start":{"line":16,"column":15},"end":{"line":16,"column":59}},"type":"binary-expr","locations":[{"start":{"line":16,"column":15},"end":{"line":16,"column":35}},{"start":{"line":16,"column":39},"end":{"line":16,"column":59}}]},"2":{"loc":{"start":{"line":20,"column":24},"end":{"line":20,"column":67}},"type":"binary-expr","locations":[{"start":{"line":20,"column":24},"end":{"line":20,"column":44}},{"start":{"line":20,"column":48},"end":{"line":20,"column":67}}]},"3":{"loc":{"start":{"line":23,"column":24},"end":{"line":23,"column":66}},"type":"binary-expr","locations":[{"start":{"line":23,"column":24},"end":{"line":23,"column":44}},{"start":{"line":23,"column":48},"end":{"line":23,"column":66}}]},"4":{"loc":{"start":{"line":30,"column":13},"end":{"line":30,"column":38}},"type":"binary-expr","locations":[{"start":{"line":30,"column":13},"end":{"line":30,"column":29}},{"start":{"line":30,"column":33},"end":{"line":30,"column":38}}]}},"s":{"0":1,"1":1,"2":1,"3":1,"4":1,"5":1,"6":0,"7":0,"8":0,"9":0,"10":0,"11":0,"12":0,"13":0,"14":0,"15":0},"f":{"0":0,"1":0,"2":0,"3":0,"4":0,"5":0,"6":0,"7":0,"8":0},"b":{"0":[0,0],"1":[0,0],"2":[0,0],"3":[0,0],"4":[0,0]}}
,"C:\\Users\\mmDev06\\Desktop\\EstudoAlanV\\backend-api\\src\\modules\\customer\\CustomerService.ts": {"path":"C:\\Users\\mmDev06\\Desktop\\EstudoAlanV\\backend-api\\src\\modules\\customer\\CustomerService.ts","statementMap":{"0":{"start":{"line":2,"column":0},"end":{"line":2,"column":54}},"1":{"start":{"line":4,"column":0},"end":{"line":24,"column":5}},"2":{"start":{"line":6,"column":4},"end":{"line":6,"column":46}},"3":{"start":{"line":10,"column":4},"end":{"line":10,"column":40}},"4":{"start":{"line":14,"column":4},"end":{"line":14,"column":43}},"5":{"start":{"line":18,"column":4},"end":{"line":18,"column":50}},"6":{"start":{"line":22,"column":4},"end":{"line":22,"column":40}}},"fnMap":{"0":{"name":"(anonymous_1)","decl":{"start":{"line":5,"column":2},"end":{"line":5,"column":7}},"loc":{"start":{"line":5,"column":53},"end":{"line":7,"column":3}}},"1":{"name":"(anonymous_2)","decl":{"start":{"line":9,"column":2},"end":{"line":9,"column":7}},"loc":{"start":{"line":9,"column":23},"end":{"line":11,"column":3}}},"2":{"name":"(anonymous_3)","decl":{"start":{"line":13,"column":2},"end":{"line":13,"column":7}},"loc":{"start":{"line":13,"column":35},"end":{"line":15,"column":3}}},"3":{"name":"(anonymous_4)","decl":{"start":{"line":17,"column":2},"end":{"line":17,"column":7}},"loc":{"start":{"line":17,"column":65},"end":{"line":19,"column":3}}},"4":{"name":"(anonymous_5)","decl":{"start":{"line":21,"column":2},"end":{"line":21,"column":7}},"loc":{"start":{"line":21,"column":33},"end":{"line":23,"column":3}}}},"branchMap":{},"s":{"0":1,"1":1,"2":0,"3":0,"4":0,"5":0,"6":0},"f":{"0":0,"1":0,"2":0,"3":0,"4":0},"b":{}}
,"C:\\Users\\mmDev06\\Desktop\\EstudoAlanV\\backend-api\\src\\modules\\order\\OrderController.ts": {"path":"C:\\Users\\mmDev06\\Desktop\\EstudoAlanV\\backend-api\\src\\modules\\order\\OrderController.ts","statementMap":{"0":{"start":{"line":2,"column":0},"end":{"line":2,"column":42}},"1":{"start":{"line":4,"column":0},"end":{"line":20,"column":5}},"2":{"start":{"line":6,"column":4},"end":{"line":18,"column":5}},"3":{"start":{"line":7,"column":20},"end":{"line":7,"column":28}},"4":{"start":{"line":10,"column":6},"end":{"line":12,"column":7}},"5":{"start":{"line":11,"column":8},"end":{"line":11,"column":77}},"6":{"start":{"line":14,"column":6},"end":{"line":14,"column":38}},"7":{"start":{"line":15,"column":6},"end":{"line":15,"column":68}},"8":{"start":{"line":17,"column":6},"end":{"line":17,"column":78}}},"fnMap":{"0":{"name":"(anonymous_1)","decl":{"start":{"line":5,"column":2},"end":{"line":5,"column":7}},"loc":{"start":{"line":5,"column":42},"end":{"line":19,"column":3}}}},"branchMap":{"0":{"loc":{"start":{"line":10,"column":6},"end":{"line":12,"column":7}},"type":"if","locations":[{"start":{"line":10,"column":6},"end":{"line":12,"column":7}}]},"1":{"loc":{"start":{"line":10,"column":10},"end":{"line":10,"column":72}},"type":"binary-expr","locations":[{"start":{"line":10,"column":10},"end":{"line":10,"column":25}},{"start":{"line":10,"column":29},"end":{"line":10,"column":41}},{"start":{"line":10,"column":45},"end":{"line":10,"column":72}}]},"2":{"loc":{"start":{"line":17,"column":36},"end":{"line":17,"column":74}},"type":"binary-expr","locations":[{"start":{"line":17,"column":36},"end":{"line":17,"column":49}},{"start":{"line":17,"column":53},"end":{"line":17,"column":74}}]}},"s":{"0":1,"1":1,"2":0,"3":0,"4":0,"5":0,"6":0,"7":0,"8":0},"f":{"0":0},"b":{"0":[0],"1":[0,0,0],"2":[0,0]}}
,"C:\\Users\\mmDev06\\Desktop\\EstudoAlanV\\backend-api\\src\\modules\\order\\OrderRepository.ts": {"path":"C:\\Users\\mmDev06\\Desktop\\EstudoAlanV\\backend-api\\src\\modules\\order\\OrderRepository.ts","statementMap":{"0":{"start":{"line":1,"column":0},"end":{"line":1,"column":50}},"1":{"start":{"line":4,"column":0},"end":{"line":20,"column":5}},"2":{"start":{"line":6,"column":15},"end":{"line":6,"column":28}},"3":{"start":{"line":7,"column":19},"end":{"line":16,"column":null}},"4":{"start":{"line":18,"column":4},"end":{"line":18,"column":33}}},"fnMap":{"0":{"name":"(anonymous_0)","decl":{"start":{"line":5,"column":2},"end":{"line":5,"column":7}},"loc":{"start":{"line":5,"column":44},"end":{"line":19,"column":3}}}},"branchMap":{},"s":{"0":1,"1":1,"2":0,"3":0,"4":0},"f":{"0":0},"b":{}}
,"C:\\Users\\mmDev06\\Desktop\\EstudoAlanV\\backend-api\\src\\modules\\order\\OrderRoute.ts": {"path":"C:\\Users\\mmDev06\\Desktop\\EstudoAlanV\\backend-api\\src\\modules\\order\\OrderRoute.ts","statementMap":{"0":{"start":{"line":1,"column":0},"end":{"line":1,"column":33}},"1":{"start":{"line":2,"column":0},"end":{"line":2,"column":48}},"2":{"start":{"line":4,"column":15},"end":{"line":4,"column":23}},"3":{"start":{"line":6,"column":0},"end":{"line":6,"column":41}},"4":{"start":{"line":8,"column":0},"end":{"line":8,"column":22}}},"fnMap":{},"branchMap":{},"s":{"0":1,"1":1,"2":1,"3":1,"4":1},"f":{},"b":{}}
,"C:\\Users\\mmDev06\\Desktop\\EstudoAlanV\\backend-api\\src\\modules\\order\\OrderService.ts": {"path":"C:\\Users\\mmDev06\\Desktop\\EstudoAlanV\\backend-api\\src\\modules\\order\\OrderService.ts","statementMap":{"0":{"start":{"line":1,"column":0},"end":{"line":1,"column":50}},"1":{"start":{"line":2,"column":0},"end":{"line":2,"column":71}},"2":{"start":{"line":3,"column":0},"end":{"line":3,"column":48}},"3":{"start":{"line":5,"column":0},"end":{"line":56,"column":5}},"4":{"start":{"line":23,"column":15},"end":{"line":23,"column":28}},"5":{"start":{"line":24,"column":4},"end":{"line":54,"column":5}},"6":{"start":{"line":25,"column":6},"end":{"line":25,"column":40}},"7":{"start":{"line":28,"column":22},"end":{"line":34,"column":8}},"8":{"start":{"line":37,"column":6},"end":{"line":45,"column":7}},"9":{"start":{"line":38,"column":8},"end":{"line":44,"column":11}},"10":{"start":{"line":48,"column":6},"end":{"line":48,"column":29}},"11":{"start":{"line":49,"column":6},"end":{"line":49,"column":21}},"12":{"start":{"line":52,"column":6},"end":{"line":52,"column":31}},"13":{"start":{"line":53,"column":6},"end":{"line":53,"column":16}}},"fnMap":{"0":{"name":"(anonymous_1)","decl":{"start":{"line":10,"column":2},"end":{"line":10,"column":7}},"loc":{"start":{"line":22,"column":3},"end":{"line":55,"column":3}}}},"branchMap":{},"s":{"0":1,"1":1,"2":1,"3":1,"4":0,"5":0,"6":0,"7":0,"8":0,"9":0,"10":0,"11":0,"12":0,"13":0},"f":{"0":0},"b":{}}
,"C:\\Users\\mmDev06\\Desktop\\EstudoAlanV\\backend-api\\src\\modules\\orderItem\\OrderItemRepository.ts": {"path":"C:\\Users\\mmDev06\\Desktop\\EstudoAlanV\\backend-api\\src\\modules\\orderItem\\OrderItemRepository.ts","statementMap":{"0":{"start":{"line":1,"column":0},"end":{"line":1,"column":50}},"1":{"start":{"line":14,"column":15},"end":{"line":14,"column":28}},"2":{"start":{"line":15,"column":19},"end":{"line":19,"column":null}},"3":{"start":{"line":21,"column":4},"end":{"line":21,"column":33}},"4":{"start":{"line":25,"column":13},"end":{"line":25,"column":61}}},"fnMap":{"0":{"name":"(anonymous_0)","decl":{"start":{"line":10,"column":2},"end":{"line":10,"column":7}},"loc":{"start":{"line":12,"column":31},"end":{"line":22,"column":3}}}},"branchMap":{},"s":{"0":1,"1":0,"2":0,"3":0,"4":1},"f":{"0":0},"b":{}}
,"C:\\Users\\mmDev06\\Desktop\\EstudoAlanV\\backend-api\\src\\modules\\product\\ProductController.ts": {"path":"C:\\Users\\mmDev06\\Desktop\\EstudoAlanV\\backend-api\\src\\modules\\product\\ProductController.ts","statementMap":{"0":{"start":{"line":3,"column":0},"end":{"line":3,"column":48}},"1":{"start":{"line":4,"column":0},"end":{"line":4,"column":46}},"2":{"start":{"line":8,"column":4},"end":{"line":14,"column":5}},"3":{"start":{"line":9,"column":34},"end":{"line":9,"column":71}},"4":{"start":{"line":10,"column":6},"end":{"line":10,"column":44}},"5":{"start":{"line":12,"column":6},"end":{"line":12,"column":54}},"6":{"start":{"line":13,"column":6},"end":{"line":13,"column":80}},"7":{"start":{"line":18,"column":4},"end":{"line":31,"column":5}},"8":{"start":{"line":19,"column":24},"end":{"line":19,"column":57}},"9":{"start":{"line":20,"column":6},"end":{"line":22,"column":7}},"10":{"start":{"line":21,"column":8},"end":{"line":21,"column":72}},"11":{"start":{"line":24,"column":27},"end":{"line":24,"column":41}},"12":{"start":{"line":26,"column":6},"end":{"line":26,"column":55}},"13":{"start":{"line":27,"column":6},"end":{"line":27,"column":79}},"14":{"start":{"line":29,"column":6},"end":{"line":29,"column":58}},"15":{"start":{"line":30,"column":6},"end":{"line":30,"column":78}},"16":{"start":{"line":35,"column":4},"end":{"line":51,"column":5}},"17":{"start":{"line":36,"column":6},"end":{"line":38,"column":7}},"18":{"start":{"line":37,"column":8},"end":{"line":37,"column":62}},"19":{"start":{"line":40,"column":22},"end":{"line":41,"column":null}},"20":{"start":{"line":44,"column":6},"end":{"line":46,"column":7}},"21":{"start":{"line":45,"column":8},"end":{"line":45,"column":66}},"22":{"start":{"line":47,"column":6},"end":{"line":47,"column":31}},"23":{"start":{"line":49,"column":6},"end":{"line":49,"column":54}},"24":{"start":{"line":50,"column":6},"end":{"line":50,"column":79}},"25":{"start":{"line":55,"column":4},"end":{"line":72,"column":5}},"26":{"start":{"line":56,"column":17},"end":{"line":56,"column":44}},"27":{"start":{"line":58,"column":6},"end":{"line":60,"column":7}},"28":{"start":{"line":59,"column":8},"end":{"line":59,"column":62}},"29":{"start":{"line":62,"column":6},"end":{"line":62,"column":55}},"30":{"start":{"line":64,"column":6},"end":{"line":66,"column":62}},"31":{"start":{"line":68,"column":6},"end":{"line":68,"column":57}},"32":{"start":{"line":69,"column":6},"end":{"line":71,"column":62}},"33":{"start":{"line":76,"column":4},"end":{"line":89,"column":5}},"34":{"start":{"line":77,"column":17},"end":{"line":77,"column":44}},"35":{"start":{"line":79,"column":6},"end":{"line":81,"column":7}},"36":{"start":{"line":80,"column":8},"end":{"line":80,"column":62}},"37":{"start":{"line":83,"column":6},"end":{"line":83,"column":45}},"38":{"start":{"line":85,"column":6},"end":{"line":85,"column":80}},"39":{"start":{"line":87,"column":6},"end":{"line":87,"column":55}},"40":{"start":{"line":88,"column":6},"end":{"line":88,"column":80}},"41":{"start":{"line":93,"column":26},"end":{"line":93,"column":49}},"42":{"start":{"line":94,"column":0},"end":{"line":94,"column":33}}},"fnMap":{"0":{"name":"(anonymous_1)","decl":{"start":{"line":7,"column":2},"end":{"line":7,"column":7}},"loc":{"start":{"line":7,"column":42},"end":{"line":15,"column":3}}},"1":{"name":"(anonymous_2)","decl":{"start":{"line":17,"column":2},"end":{"line":17,"column":7}},"loc":{"start":{"line":17,"column":42},"end":{"line":32,"column":3}}},"2":{"name":"(anonymous_3)","decl":{"start":{"line":34,"column":2},"end":{"line":34,"column":7}},"loc":{"start":{"line":34,"column":44},"end":{"line":52,"column":3}}},"3":{"name":"(anonymous_4)","decl":{"start":{"line":54,"column":2},"end":{"line":54,"column":7}},"loc":{"start":{"line":54,"column":42},"end":{"line":73,"column":3}}},"4":{"name":"(anonymous_5)","decl":{"start":{"line":75,"column":2},"end":{"line":75,"column":7}},"loc":{"start":{"line":75,"column":42},"end":{"line":90,"column":3}}}},"branchMap":{"0":{"loc":{"start":{"line":20,"column":6},"end":{"line":22,"column":7}},"type":"if","locations":[{"start":{"line":20,"column":6},"end":{"line":22,"column":7}}]},"1":{"loc":{"start":{"line":36,"column":6},"end":{"line":38,"column":7}},"type":"if","locations":[{"start":{"line":36,"column":6},"end":{"line":38,"column":7}}]},"2":{"loc":{"start":{"line":44,"column":6},"end":{"line":46,"column":7}},"type":"if","locations":[{"start":{"line":44,"column":6},"end":{"line":46,"column":7}}]},"3":{"loc":{"start":{"line":58,"column":6},"end":{"line":60,"column":7}},"type":"if","locations":[{"start":{"line":58,"column":6},"end":{"line":60,"column":7}}]},"4":{"loc":{"start":{"line":79,"column":6},"end":{"line":81,"column":7}},"type":"if","locations":[{"start":{"line":79,"column":6},"end":{"line":81,"column":7}}]}},"s":{"0":1,"1":1,"2":1,"3":1,"4":1,"5":0,"6":0,"7":0,"8":0,"9":0,"10":0,"11":0,"12":0,"13":0,"14":0,"15":0,"16":0,"17":0,"18":0,"19":0,"20":0,"21":0,"22":0,"23":0,"24":0,"25":0,"26":0,"27":0,"28":0,"29":0,"30":0,"31":0,"32":0,"33":0,"34":0,"35":0,"36":0,"37":0,"38":0,"39":0,"40":0,"41":1,"42":1},"f":{"0":1,"1":0,"2":0,"3":0,"4":0},"b":{"0":[0],"1":[0],"2":[0],"3":[0],"4":[0]}}
,"C:\\Users\\mmDev06\\Desktop\\EstudoAlanV\\backend-api\\src\\modules\\product\\ProductRepository.ts": {"path":"C:\\Users\\mmDev06\\Desktop\\EstudoAlanV\\backend-api\\src\\modules\\product\\ProductRepository.ts","statementMap":{"0":{"start":{"line":1,"column":0},"end":{"line":1,"column":50}},"1":{"start":{"line":6,"column":15},"end":{"line":6,"column":28}},"2":{"start":{"line":7,"column":4},"end":{"line":11,"column":6}},"3":{"start":{"line":15,"column":15},"end":{"line":15,"column":28}},"4":{"start":{"line":16,"column":21},"end":{"line":16,"column":58}},"5":{"start":{"line":17,"column":4},"end":{"line":17,"column":20}},"6":{"start":{"line":21,"column":15},"end":{"line":21,"column":28}},"7":{"start":{"line":22,"column":20},"end":{"line":22,"column":76}},"8":{"start":{"line":23,"column":4},"end":{"line":23,"column":27}},"9":{"start":{"line":27,"column":15},"end":{"line":27,"column":28}},"10":{"start":{"line":29,"column":29},"end":{"line":29,"column":31}},"11":{"start":{"line":30,"column":26},"end":{"line":30,"column":28}},"12":{"start":{"line":32,"column":4},"end":{"line":46,"column":5}},"13":{"start":{"line":33,"column":6},"end":{"line":36,"column":7}},"14":{"start":{"line":34,"column":8},"end":{"line":34,"column":34}},"15":{"start":{"line":35,"column":8},"end":{"line":35,"column":27}},"16":{"start":{"line":38,"column":6},"end":{"line":40,"column":7}},"17":{"start":{"line":39,"column":8},"end":{"line":39,"column":62}},"18":{"start":{"line":42,"column":18},"end":{"line":42,"column":72}},"19":{"start":{"line":43,"column":6},"end":{"line":43,"column":22}},"20":{"start":{"line":45,"column":6},"end":{"line":45,"column":32}},"21":{"start":{"line":50,"column":15},"end":{"line":50,"column":28}},"22":{"start":{"line":51,"column":4},"end":{"line":51,"column":53}},"23":{"start":{"line":55,"column":26},"end":{"line":55,"column":49}},"24":{"start":{"line":56,"column":0},"end":{"line":56,"column":33}}},"fnMap":{"0":{"name":"(anonymous_0)","decl":{"start":{"line":5,"column":2},"end":{"line":5,"column":7}},"loc":{"start":{"line":5,"column":43},"end":{"line":12,"column":3}}},"1":{"name":"(anonymous_1)","decl":{"start":{"line":14,"column":2},"end":{"line":14,"column":7}},"loc":{"start":{"line":14,"column":15},"end":{"line":18,"column":3}}},"2":{"name":"(anonymous_2)","decl":{"start":{"line":20,"column":2},"end":{"line":20,"column":7}},"loc":{"start":{"line":20,"column":27},"end":{"line":24,"column":3}}},"3":{"name":"(anonymous_3)","decl":{"start":{"line":26,"column":2},"end":{"line":26,"column":7}},"loc":{"start":{"line":26,"column":59},"end":{"line":47,"column":3}}},"4":{"name":"(anonymous_4)","decl":{"start":{"line":49,"column":2},"end":{"line":49,"column":7}},"loc":{"start":{"line":49,"column":25},"end":{"line":52,"column":3}}}},"branchMap":{"0":{"loc":{"start":{"line":23,"column":11},"end":{"line":23,"column":26}},"type":"binary-expr","locations":[{"start":{"line":23,"column":11},"end":{"line":23,"column":18}},{"start":{"line":23,"column":22},"end":{"line":23,"column":26}}]},"1":{"loc":{"start":{"line":33,"column":6},"end":{"line":36,"column":7}},"type":"if","locations":[{"start":{"line":33,"column":6},"end":{"line":36,"column":7}}]},"2":{"loc":{"start":{"line":33,"column":10},"end":{"line":33,"column":63}},"type":"binary-expr","locations":[{"start":{"line":33,"column":10},"end":{"line":33,"column":29}},{"start":{"line":33,"column":33},"end":{"line":33,"column":47}},{"start":{"line":33,"column":51},"end":{"line":33,"column":63}}]},"3":{"loc":{"start":{"line":38,"column":6},"end":{"line":40,"column":7}},"type":"if","locations":[{"start":{"line":38,"column":6},"end":{"line":40,"column":7}}]}},"s":{"0":1,"1":0,"2":0,"3":0,"4":0,"5":0,"6":0,"7":0,"8":0,"9":0,"10":0,"11":0,"12":0,"13":0,"14":0,"15":0,"16":0,"17":0,"18":0,"19":0,"20":0,"21":0,"22":0,"23":1,"24":1},"f":{"0":0,"1":0,"2":0,"3":0,"4":0},"b":{"0":[0,0],"1":[0],"2":[0,0,0],"3":[0]}}
,"C:\\Users\\mmDev06\\Desktop\\EstudoAlanV\\backend-api\\src\\modules\\product\\ProductRoute.ts": {"path":"C:\\Users\\mmDev06\\Desktop\\EstudoAlanV\\backend-api\\src\\modules\\product\\ProductRoute.ts","statementMap":{"0":{"start":{"line":1,"column":0},"end":{"line":1,"column":33}},"1":{"start":{"line":2,"column":0},"end":{"line":2,"column":52}},"2":{"start":{"line":4,"column":15},"end":{"line":4,"column":23}},"3":{"start":{"line":6,"column":0},"end":{"line":6,"column":42}},"4":{"start":{"line":7,"column":0},"end":{"line":7,"column":47}},"5":{"start":{"line":8,"column":0},"end":{"line":8,"column":43}},"6":{"start":{"line":9,"column":0},"end":{"line":9,"column":45}},"7":{"start":{"line":10,"column":0},"end":{"line":10,"column":48}},"8":{"start":{"line":12,"column":0},"end":{"line":12,"column":22}}},"fnMap":{},"branchMap":{},"s":{"0":1,"1":1,"2":1,"3":1,"4":1,"5":1,"6":1,"7":1,"8":1},"f":{},"b":{}}
,"C:\\Users\\mmDev06\\Desktop\\EstudoAlanV\\backend-api\\src\\modules\\product\\ProductSchema.ts": {"path":"C:\\Users\\mmDev06\\Desktop\\EstudoAlanV\\backend-api\\src\\modules\\product\\ProductSchema.ts","statementMap":{"0":{"start":{"line":1,"column":0},"end":{"line":1,"column":24}},"1":{"start":{"line":3,"column":13},"end":{"line":24,"column":3}}},"fnMap":{},"branchMap":{},"s":{"0":1,"1":1},"f":{},"b":{}}
,"C:\\Users\\mmDev06\\Desktop\\EstudoAlanV\\backend-api\\src\\modules\\product\\ProductService.ts": {"path":"C:\\Users\\mmDev06\\Desktop\\EstudoAlanV\\backend-api\\src\\modules\\product\\ProductService.ts","statementMap":{"0":{"start":{"line":2,"column":0},"end":{"line":2,"column":52}},"1":{"start":{"line":6,"column":4},"end":{"line":6,"column":44}},"2":{"start":{"line":10,"column":4},"end":{"line":10,"column":45}},"3":{"start":{"line":14,"column":4},"end":{"line":14,"column":48}},"4":{"start":{"line":21,"column":4},"end":{"line":21,"column":43}},"5":{"start":{"line":25,"column":4},"end":{"line":25,"column":39}},"6":{"start":{"line":29,"column":23},"end":{"line":29,"column":43}},"7":{"start":{"line":30,"column":0},"end":{"line":30,"column":30}}},"fnMap":{"0":{"name":"(anonymous_1)","decl":{"start":{"line":5,"column":2},"end":{"line":5,"column":7}},"loc":{"start":{"line":5,"column":50},"end":{"line":7,"column":3}}},"1":{"name":"(anonymous_2)","decl":{"start":{"line":9,"column":2},"end":{"line":9,"column":7}},"loc":{"start":{"line":9,"column":22},"end":{"line":11,"column":3}}},"2":{"name":"(anonymous_3)","decl":{"start":{"line":13,"column":2},"end":{"line":13,"column":7}},"loc":{"start":{"line":13,"column":34},"end":{"line":15,"column":3}}},"3":{"name":"(anonymous_4)","decl":{"start":{"line":17,"column":2},"end":{"line":17,"column":7}},"loc":{"start":{"line":19,"column":39},"end":{"line":22,"column":3}}},"4":{"name":"(anonymous_5)","decl":{"start":{"line":24,"column":2},"end":{"line":24,"column":7}},"loc":{"start":{"line":24,"column":32},"end":{"line":26,"column":3}}}},"branchMap":{},"s":{"0":1,"1":0,"2":0,"3":0,"4":0,"5":0,"6":1,"7":1},"f":{"0":0,"1":0,"2":0,"3":0,"4":0},"b":{}}
,"C:\\Users\\mmDev06\\Desktop\\EstudoAlanV\\backend-api\\src\\routes\\Index.ts": {"path":"C:\\Users\\mmDev06\\Desktop\\EstudoAlanV\\backend-api\\src\\routes\\Index.ts","statementMap":{"0":{"start":{"line":1,"column":0},"end":{"line":1,"column":33}},"1":{"start":{"line":2,"column":0},"end":{"line":2,"column":59}},"2":{"start":{"line":3,"column":0},"end":{"line":3,"column":49}},"3":{"start":{"line":4,"column":0},"end":{"line":4,"column":51}},"4":{"start":{"line":5,"column":0},"end":{"line":5,"column":62}},"5":{"start":{"line":6,"column":0},"end":{"line":6,"column":53}},"6":{"start":{"line":7,"column":0},"end":{"line":7,"column":59}},"7":{"start":{"line":9,"column":15},"end":{"line":9,"column":23}},"8":{"start":{"line":11,"column":0},"end":{"line":11,"column":44}},"9":{"start":{"line":12,"column":0},"end":{"line":12,"column":39}},"10":{"start":{"line":13,"column":0},"end":{"line":13,"column":33}},"11":{"start":{"line":14,"column":0},"end":{"line":14,"column":37}},"12":{"start":{"line":17,"column":0},"end":{"line":19,"column":3}},"13":{"start":{"line":18,"column":2},"end":{"line":18,"column":60}},"14":{"start":{"line":21,"column":0},"end":{"line":21,"column":22}}},"fnMap":{"0":{"name":"(anonymous_1)","decl":{"start":{"line":17,"column":53},"end":{"line":17,"column":54}},"loc":{"start":{"line":17,"column":66},"end":{"line":19,"column":1}}}},"branchMap":{},"s":{"0":1,"1":1,"2":1,"3":1,"4":1,"5":1,"6":1,"7":1,"8":1,"9":1,"10":1,"11":1,"12":1,"13":0,"14":1},"f":{"0":0},"b":{}}
,"C:\\Users\\mmDev06\\Desktop\\EstudoAlanV\\backend-api\\src\\services\\AuthService.ts": {"path":"C:\\Users\\mmDev06\\Desktop\\EstudoAlanV\\backend-api\\src\\services\\AuthService.ts","statementMap":{"0":{"start":{"line":1,"column":0},"end":{"line":1,"column":30}},"1":{"start":{"line":2,"column":0},"end":{"line":2,"column":31}},"2":{"start":{"line":3,"column":0},"end":{"line":3,"column":47}},"3":{"start":{"line":5,"column":0},"end":{"line":27,"column":5}},"4":{"start":{"line":7,"column":15},"end":{"line":7,"column":28}},"5":{"start":{"line":8,"column":17},"end":{"line":10,"column":null}},"6":{"start":{"line":13,"column":4},"end":{"line":15,"column":5}},"7":{"start":{"line":14,"column":6},"end":{"line":14,"column":50}},"8":{"start":{"line":17,"column":18},"end":{"line":22,"column":null}},"9":{"start":{"line":25,"column":4},"end":{"line":25,"column":17}}},"fnMap":{"0":{"name":"(anonymous_1)","decl":{"start":{"line":6,"column":2},"end":{"line":6,"column":7}},"loc":{"start":{"line":6,"column":42},"end":{"line":26,"column":3}}}},"branchMap":{"0":{"loc":{"start":{"line":13,"column":4},"end":{"line":15,"column":5}},"type":"if","locations":[{"start":{"line":13,"column":4},"end":{"line":15,"column":5}}]},"1":{"loc":{"start":{"line":13,"column":8},"end":{"line":13,"column":55}},"type":"binary-expr","locations":[{"start":{"line":13,"column":8},"end":{"line":13,"column":13}},{"start":{"line":13,"column":17},"end":{"line":13,"column":55}}]},"2":{"loc":{"start":{"line":19,"column":6},"end":{"line":19,"column":47}},"type":"binary-expr","locations":[{"start":{"line":19,"column":6},"end":{"line":19,"column":28}},{"start":{"line":19,"column":32},"end":{"line":19,"column":47}}]}},"s":{"0":1,"1":1,"2":1,"3":1,"4":0,"5":0,"6":0,"7":0,"8":0,"9":0},"f":{"0":0},"b":{"0":[0],"1":[0,0],"2":[0,0]}}
,"C:\\Users\\mmDev06\\Desktop\\EstudoAlanV\\backend-api\\src\\utils\\validators\\Cnpj.ts": {"path":"C:\\Users\\mmDev06\\Desktop\\EstudoAlanV\\backend-api\\src\\utils\\validators\\Cnpj.ts","statementMap":{"0":{"start":{"line":1,"column":0},"end":{"line":1,"column":16}},"1":{"start":{"line":2,"column":17},"end":{"line":2,"column":53}},"2":{"start":{"line":3,"column":17},"end":{"line":3,"column":56}},"3":{"start":{"line":4,"column":33},"end":{"line":4,"column":57}},"4":{"start":{"line":6,"column":2},"end":{"line":6,"column":48}},"5":{"start":{"line":6,"column":35},"end":{"line":6,"column":48}},"6":{"start":{"line":7,"column":2},"end":{"line":7,"column":56}},"7":{"start":{"line":7,"column":43},"end":{"line":7,"column":56}},"8":{"start":{"line":10,"column":28},"end":{"line":10,"column":29}},"9":{"start":{"line":11,"column":4},"end":{"line":13,"column":5}},"10":{"start":{"line":11,"column":17},"end":{"line":11,"column":18}},"11":{"start":{"line":12,"column":6},"end":{"line":12,"column":68}},"12":{"start":{"line":14,"column":14},"end":{"line":14,"column":28}},"13":{"start":{"line":15,"column":30},"end":{"line":15,"column":48}},"14":{"start":{"line":16,"column":4},"end":{"line":16,"column":29}},"15":{"start":{"line":19,"column":15},"end":{"line":19,"column":53}},"16":{"start":{"line":20,"column":15},"end":{"line":20,"column":53}},"17":{"start":{"line":22,"column":2},"end":{"line":25,"column":4}}},"fnMap":{"0":{"name":"isValidCnpj","decl":{"start":{"line":1,"column":16},"end":{"line":1,"column":27}},"loc":{"start":{"line":1,"column":41},"end":{"line":26,"column":1}}},"1":{"name":"calcularDigito","decl":{"start":{"line":9,"column":11},"end":{"line":9,"column":25}},"loc":{"start":{"line":9,"column":60},"end":{"line":17,"column":3}}}},"branchMap":{"0":{"loc":{"start":{"line":6,"column":2},"end":{"line":6,"column":48}},"type":"if","locations":[{"start":{"line":6,"column":2},"end":{"line":6,"column":48}}]},"1":{"loc":{"start":{"line":7,"column":2},"end":{"line":7,"column":56}},"type":"if","locations":[{"start":{"line":7,"column":2},"end":{"line":7,"column":56}}]},"2":{"loc":{"start":{"line":15,"column":30},"end":{"line":15,"column":48}},"type":"cond-expr","locations":[{"start":{"line":15,"column":38},"end":{"line":15,"column":39}},{"start":{"line":15,"column":42},"end":{"line":15,"column":48}}]},"3":{"loc":{"start":{"line":23,"column":4},"end":{"line":24,"column":45}},"type":"binary-expr","locations":[{"start":{"line":23,"column":4},"end":{"line":23,"column":45}},{"start":{"line":24,"column":4},"end":{"line":24,"column":45}}]}},"s":{"0":1,"1":0,"2":0,"3":0,"4":0,"5":0,"6":0,"7":0,"8":0,"9":0,"10":0,"11":0,"12":0,"13":0,"14":0,"15":0,"16":0,"17":0},"f":{"0":0,"1":0},"b":{"0":[0],"1":[0],"2":[0,0],"3":[0,0]}}
,"C:\\Users\\mmDev06\\Desktop\\EstudoAlanV\\backend-api\\src\\utils\\validators\\Cpf.ts": {"path":"C:\\Users\\mmDev06\\Desktop\\EstudoAlanV\\backend-api\\src\\utils\\validators\\Cpf.ts","statementMap":{"0":{"start":{"line":1,"column":0},"end":{"line":1,"column":16}},"1":{"start":{"line":2,"column":32},"end":{"line":2,"column":54}},"2":{"start":{"line":4,"column":2},"end":{"line":4,"column":47}},"3":{"start":{"line":4,"column":34},"end":{"line":4,"column":47}},"4":{"start":{"line":5,"column":2},"end":{"line":5,"column":55}},"5":{"start":{"line":5,"column":42},"end":{"line":5,"column":55}},"6":{"start":{"line":7,"column":21},"end":{"line":14,"column":3}},"7":{"start":{"line":8,"column":14},"end":{"line":8,"column":15}},"8":{"start":{"line":9,"column":4},"end":{"line":11,"column":5}},"9":{"start":{"line":9,"column":17},"end":{"line":9,"column":18}},"10":{"start":{"line":10,"column":6},"end":{"line":10,"column":54}},"11":{"start":{"line":12,"column":17},"end":{"line":12,"column":25}},"12":{"start":{"line":13,"column":4},"end":{"line":13,"column":36}},"13":{"start":{"line":16,"column":21},"end":{"line":16,"column":62}},"14":{"start":{"line":17,"column":21},"end":{"line":17,"column":63}},"15":{"start":{"line":19,"column":21},"end":{"line":19,"column":51}},"16":{"start":{"line":20,"column":21},"end":{"line":20,"column":52}},"17":{"start":{"line":22,"column":2},"end":{"line":22,"column":64}}},"fnMap":{"0":{"name":"isValidCpf","decl":{"start":{"line":1,"column":16},"end":{"line":1,"column":26}},"loc":{"start":{"line":1,"column":38},"end":{"line":23,"column":1}}},"1":{"name":"(anonymous_1)","decl":{"start":{"line":7,"column":21},"end":{"line":7,"column":22}},"loc":{"start":{"line":7,"column":66},"end":{"line":14,"column":3}}}},"branchMap":{"0":{"loc":{"start":{"line":4,"column":2},"end":{"line":4,"column":47}},"type":"if","locations":[{"start":{"line":4,"column":2},"end":{"line":4,"column":47}}]},"1":{"loc":{"start":{"line":5,"column":2},"end":{"line":5,"column":55}},"type":"if","locations":[{"start":{"line":5,"column":2},"end":{"line":5,"column":55}}]},"2":{"loc":{"start":{"line":13,"column":11},"end":{"line":13,"column":35}},"type":"cond-expr","locations":[{"start":{"line":13,"column":22},"end":{"line":13,"column":23}},{"start":{"line":13,"column":26},"end":{"line":13,"column":35}}]},"3":{"loc":{"start":{"line":22,"column":9},"end":{"line":22,"column":63}},"type":"binary-expr","locations":[{"start":{"line":22,"column":9},"end":{"line":22,"column":34}},{"start":{"line":22,"column":38},"end":{"line":22,"column":63}}]}},"s":{"0":1,"1":0,"2":0,"3":0,"4":0,"5":0,"6":0,"7":0,"8":0,"9":0,"10":0,"11":0,"12":0,"13":0,"14":0,"15":0,"16":0,"17":0},"f":{"0":0,"1":0},"b":{"0":[0],"1":[0],"2":[0,0],"3":[0,0]}}
,"C:\\Users\\mmDev06\\Desktop\\EstudoAlanV\\backend-api\\src\\utils\\validators\\Data.ts": {"path":"C:\\Users\\mmDev06\\Desktop\\EstudoAlanV\\backend-api\\src\\utils\\validators\\Data.ts","statementMap":{"0":{"start":{"line":3,"column":0},"end":{"line":3,"column":16}},"1":{"start":{"line":1,"column":0},"end":{"line":1,"column":50}},"2":{"start":{"line":4,"column":13},"end":{"line":4,"column":53}},"3":{"start":{"line":5,"column":2},"end":{"line":7,"column":3}},"4":{"start":{"line":6,"column":4},"end":{"line":6,"column":36}},"5":{"start":{"line":8,"column":2},"end":{"line":8,"column":14}}},"fnMap":{"0":{"name":"toDateOrNull","decl":{"start":{"line":3,"column":16},"end":{"line":3,"column":28}},"loc":{"start":{"line":3,"column":44},"end":{"line":9,"column":1}}}},"branchMap":{"0":{"loc":{"start":{"line":5,"column":2},"end":{"line":7,"column":3}},"type":"if","locations":[{"start":{"line":5,"column":2},"end":{"line":7,"column":3}}]}},"s":{"0":1,"1":1,"2":0,"3":0,"4":0,"5":0},"f":{"0":0},"b":{"0":[0]}}
}
